
enes just gave 1 bikes to the entire server! 3-29-2020, 1:44:37 PM
zyad just gave 10000 coins to the entire server! 5-20-2020, 10:18:52 PM
zyad just gave 10000 dollars to the entire server! 5-20-2020, 10:19:07 PM
zyad just gave 10000000 dollars to the entire server! 5-20-2020, 10:19:13 PM
zyad just gave 1 adminguns to zyad 5-20-2020, 10:29:05 PM
zyad just gave 10 sail_boatss to the entire server! 5-20-2020, 10:32:17 PM
zyad just gave 10 old_cars to the entire server! 5-20-2020, 10:35:41 PM
zyad just gave 1 cannonballs to the entire server! 5-20-2020, 10:36:04 PM
zyad just gave 1 bikes to the entire server! 5-20-2020, 10:48:04 PM
zyad just gave 1 bikes to the entire server! 5-20-2020, 10:48:55 PM
zyad just gave 1 aircrafts to the entire server! 5-20-2020, 11:01:54 PM
zyad just gave 1 horns to zyad 5-20-2020, 11:15:11 PM
zyad just gave 10000 shields to zyad 5-20-2020, 11:21:07 PM
zyad just gave 1 Bikes to the entire server! 5-21-2020, 1:12:43 AM
zyad just gave 100000 coins to the entire server! 5-21-2020, 1:19:06 AM
zyad just gave 1 robocops to the entire server! 5-21-2020, 1:53:37 AM
zyad just gave 100000000 coins to the entire server! 5-21-2020, 2:03:17 AM
zyad just gave 10 browning_m2_heavy_50_cal_machinegun_ammo_packs to the entire server! 5-21-2020, 4:48:01 AM
zyad just gave 1000000 amm_browning_m2_heavy_50_cal_machineguns to the entire server! 5-21-2020, 4:48:22 AM
zyad just gave 10000 ammo_browning_m2_heavy_50_cal_machineguns to the entire server! 5-21-2020, 4:48:40 AM
zyad just gave 1 gausss to the entire server! 5-21-2020, 4:49:39 AM
zyad just gave 1 connans to zyad 5-21-2020, 5:02:26 AM
zyad just gave 1 cannons to zyad 5-21-2020, 5:02:35 AM
zyad just gave 1 locker_packs to the entire server! 5-21-2020, 5:47:43 AM
zyad just gave 100 health_boosters to the entire server! 5-21-2020, 3:58:12 PM
zyad just gave 10000 rocketlaunchers to the entire server! 5-21-2020, 3:59:47 PM
zyad just gave 1000 rocketlauncher_ammo_packs to the entire server! 5-21-2020, 3:59:56 PM
zyad just gave 100000 ammo_kalashnikov_rifles to the entire server! 5-21-2020, 4:01:42 PM
zyad just gave 5000 stp429s to the entire server! 5-21-2020, 7:02:24 PM
zyad just gave 1 BMVs to zyad 5-21-2020, 10:40:55 PM
zyad just gave 10 sail_boatss to zyad 5-21-2020, 10:42:24 PM
zyad just gave 1000000 ammo_ml_Automatic_machineguns to the entire server! 5-22-2020, 2:06:34 AM
zyad just gave 1 adminguns to zyad 5-22-2020, 10:42:37 AM
zyad just gave 1 childs to zyad 5-22-2020, 4:51:48 PM
zyad just gave 1 childs to zyad 5-22-2020, 8:27:43 PM