
enes has moved enes to 19, 0, 0 on map admin 3-29-2020, 1:45:38 PM
zyad has moved zyad to 0, 0, 0 on map store 5-20-2020, 10:17:48 PM
zyad has moved zyad to 0, 0, 0 on map test 5-20-2020, 10:32:46 PM
zyad has moved zyad to 0, 0, 0 on map store 5-20-2020, 10:47:07 PM
zyad has moved zyad to 0, 0, 0 on map test 5-20-2020, 10:51:30 PM
zyad has moved zyad to 0, 0, 0 on map main 5-20-2020, 11:10:50 PM
zyad has moved zyad to 0, 0, 0 on map main 5-20-2020, 11:11:18 PM
zyad has moved zyad to 0, 0, 0 on map drowning 5-20-2020, 11:12:28 PM
zyad has moved zyad to 0, 0, 100 on map drowning 5-20-2020, 11:12:49 PM
zyad has moved zyad to 0, 0, 0 on map main 5-20-2020, 11:12:56 PM
zyad has moved zyad to 0, 0, 0 on map fight 5-20-2020, 11:13:10 PM
zyad has moved zyad to 0, 0, 0 on map large_forest 5-20-2020, 11:13:39 PM
zyad has moved zyad to 0, 0, 0 on map main 5-20-2020, 11:21:40 PM
zyad has moved zyad to 0, 0, 0 on map store 5-20-2020, 11:21:47 PM
zyad has moved zyad to 0, 0, 0 on map main 5-20-2020, 11:32:11 PM
zyad has moved zyad to 0, 0, 0 on map large_forest 5-20-2020, 11:33:40 PM
zyad has moved zyad to 0, 0, 0 on map test 5-20-2020, 11:59:05 PM
zyad has moved zyad to 0, 0, 0 on map store 5-21-2020, 12:45:56 AM
zyad has moved zyad to 0, 0, 0 on map test 5-21-2020, 12:50:47 AM
zyad has moved zyad to 1, 1, 1 on map test 5-21-2020, 12:53:37 AM
zyad has moved zyad to 0, 0, 0 on map store 5-21-2020, 1:18:38 AM
zyad has moved zyad to 1, 1, 1 on map test 5-21-2020, 1:20:12 AM
zyad has moved test to 0, 0, 0 on map test 5-21-2020, 1:39:35 AM
zyad has moved test to 0, 0, 0 on map test 5-21-2020, 1:41:03 AM
zyad has moved zyad to 0, 0, 0 on map store 5-21-2020, 2:03:25 AM
zyad has moved zyad to 0, 0, 0 on map test 5-21-2020, 2:39:25 AM
zyad has moved test to 0, 0, 0 on map test 5-21-2020, 2:39:53 AM
zyad has moved zyad to 0, 0, 0 on map store 5-21-2020, 4:17:52 AM
zyad has moved zyad to 0, 0, 0 on map test 5-21-2020, 4:55:58 AM
zyad has moved zyad to 100, 100, 0 on map test 5-21-2020, 5:45:17 AM
zyad has moved zyad to 300, 300, 0 on map main 5-21-2020, 5:46:15 AM
zyad has moved zyad to 0, 0, 0 on map test 5-21-2020, 7:02:13 AM
zyad has moved zyad to 1, 1, 1 on map test 5-21-2020, 7:03:33 AM
zyad has moved zyad to 0, 0, 0 on map test 5-21-2020, 4:00:16 PM
zyad has moved zyad to 1, 1, 1 on map test 5-21-2020, 6:53:36 PM
zyad has moved zyad to 0, 0, 0 on map test 5-21-2020, 10:40:31 PM
zyad has moved zyad to 0, 0, 0 on map store 5-22-2020, 2:04:33 AM
zyad has moved zyad to 990, 13, 0 on map main 5-22-2020, 2:05:35 AM
zyad has moved zyad to 500, 500, 0 on map main 5-22-2020, 10:43:21 AM