
zyad logged in. 5-20-2020, 10:16:00 PM
zyad (zyad) said È 5-20-2020, 10:16:52 PM
zyad disconnected 5-20-2020, 10:17:03 PM
zyad logged in. 5-20-2020, 10:17:06 PM
zyad has moved zyad to 0, 0, 0 on map store 5-20-2020, 10:17:48 PM
server notification: zyad is no longer a newbie! 5-20-2020, 10:19:54 PM
zyad (zyad) said f 5-20-2020, 10:20:46 PM
server notification: The z shelter has been created! 5-20-2020, 10:23:09 PM
zyad disconnected 5-20-2020, 10:26:17 PM
zyad logged in. 5-20-2020, 10:26:29 PM
zyad (zyad) said f 5-20-2020, 10:26:44 PM
zyad (zyad) said f 5-20-2020, 10:26:45 PM
zyad (zyad) said f 5-20-2020, 10:26:45 PM
zyad (zyad) said f 5-20-2020, 10:26:46 PM
death: zyad's admingun is so happy because he killed zyad's dog 96 on z! 5-20-2020, 10:29:07 PM
zyad (zyad) said cv 5-20-2020, 10:30:19 PM
zyad (zyad) said f 5-20-2020, 10:30:20 PM
zyad (zyad) said f 5-20-2020, 10:30:21 PM
zyad (zyad) said f/f 5-20-2020, 10:30:21 PM
zyad has moved zyad to 0, 0, 0 on map test 5-20-2020, 10:32:46 PM
zyad logged in. 5-20-2020, 10:33:54 PM
zyad (zyad) said Added  mt command for masters! good chats! 5-20-2020, 10:38:11 PM
zyad (zyad) said f 5-20-2020, 10:39:00 PM
zyad (zyad) said f 5-20-2020, 10:39:01 PM
zyad (zyad) said f 5-20-2020, 10:39:02 PM
zyad (zyad) said f 5-20-2020, 10:39:39 PM
zyad (zyad) said hhtt 5-20-2020, 10:39:42 PM
zyad (zyad) said f 5-20-2020, 10:39:53 PM
zyad (zyad) said f 5-20-2020, 10:39:57 PM
zyad disconnected 5-20-2020, 10:43:33 PM
zyad logged in. 5-20-2020, 10:44:22 PM
zyad disconnected 5-20-2020, 10:45:25 PM
zyad logged in. 5-20-2020, 10:45:28 PM
staff change: zyad has appointed zyad to the administrator position. 5-20-2020, 10:45:48 PM
staff change: zyad has revoked zyad's administrator position. 5-20-2020, 10:45:55 PM
zyad disconnected 5-20-2020, 10:46:40 PM
zyad logged in. 5-20-2020, 10:46:43 PM
zyad has moved zyad to 0, 0, 0 on map store 5-20-2020, 10:47:07 PM
zyad (zyad) said bike 5-20-2020, 10:48:59 PM
zyad has moved zyad to 0, 0, 0 on map test 5-20-2020, 10:51:30 PM
zyad (zyad) said f 5-20-2020, 10:52:52 PM
zyad (zyad) said hhehehehe 5-20-2020, 10:52:55 PM
zyad disconnected 5-20-2020, 10:53:09 PM
zyad logged in. 5-20-2020, 10:53:32 PM
zyad logged in. 5-20-2020, 10:54:30 PM
zyad disconnected 5-20-2020, 10:57:13 PM
zyad logged in. 5-20-2020, 11:01:00 PM
zyad logged in. 5-20-2020, 11:09:32 PM
zyad has moved zyad to 0, 0, 0 on map main 5-20-2020, 11:10:50 PM
zyad has moved zyad to 0, 0, 0 on map main 5-20-2020, 11:11:18 PM
zyad has moved zyad to 0, 0, 0 on map drowning 5-20-2020, 11:12:28 PM
zyad has moved zyad to 0, 0, 100 on map drowning 5-20-2020, 11:12:49 PM
zyad has moved zyad to 0, 0, 0 on map main 5-20-2020, 11:12:56 PM
zyad has moved zyad to 0, 0, 0 on map fight 5-20-2020, 11:13:10 PM
zyad has moved zyad to 0, 0, 0 on map large_forest 5-20-2020, 11:13:39 PM
zyad logged in. 5-20-2020, 11:18:42 PM
zyad has moved zyad to 0, 0, 0 on map main 5-20-2020, 11:21:40 PM
zyad has moved zyad to 0, 0, 0 on map store 5-20-2020, 11:21:47 PM
zyad logged in. 5-20-2020, 11:32:00 PM
zyad has moved zyad to 0, 0, 0 on map main 5-20-2020, 11:32:11 PM
zyad (zyad) said f 5-20-2020, 11:32:19 PM
zyad (zyad) said f 5-20-2020, 11:32:19 PM
zyad has moved zyad to 0, 0, 0 on map large_forest 5-20-2020, 11:33:40 PM
zyad logged in. 5-20-2020, 11:58:54 PM
zyad has moved zyad to 0, 0, 0 on map test 5-20-2020, 11:59:05 PM
zyad logged in. 5-20-2020, 11:59:10 PM
test logged in. 5-20-2020, 11:59:41 PM