
zyad (zyad) said È 5-20-2020, 10:16:52 PM
zyad (zyad) said f 5-20-2020, 10:20:46 PM
zyad (zyad) said f 5-20-2020, 10:26:44 PM
zyad (zyad) said f 5-20-2020, 10:26:45 PM
zyad (zyad) said f 5-20-2020, 10:26:45 PM
zyad (zyad) said f 5-20-2020, 10:26:46 PM
zyad (zyad) said cv 5-20-2020, 10:30:19 PM
zyad (zyad) said f 5-20-2020, 10:30:20 PM
zyad (zyad) said f 5-20-2020, 10:30:21 PM
zyad (zyad) said f/f 5-20-2020, 10:30:21 PM
zyad (zyad) said Added  mt command for masters! good chats! 5-20-2020, 10:38:11 PM
zyad (zyad) said f 5-20-2020, 10:39:00 PM
zyad (zyad) said f 5-20-2020, 10:39:01 PM
zyad (zyad) said f 5-20-2020, 10:39:02 PM
zyad (zyad) said f 5-20-2020, 10:39:39 PM
zyad (zyad) said hhtt 5-20-2020, 10:39:42 PM
zyad (zyad) said f 5-20-2020, 10:39:53 PM
zyad (zyad) said f 5-20-2020, 10:39:57 PM
zyad (zyad) said bike 5-20-2020, 10:48:59 PM
zyad (zyad) said f 5-20-2020, 10:52:52 PM
zyad (zyad) said hhehehehe 5-20-2020, 10:52:55 PM
zyad (zyad) said f 5-20-2020, 11:32:19 PM
zyad (zyad) said f 5-20-2020, 11:32:19 PM