
zyad(zyad) used a pack_of_100_syringe 5-20-2020, 10:19:58 PM
zyad(zyad) used a pack_of_100_syringe 5-20-2020, 10:19:58 PM
zyad(zyad) used a pack_of_100_syringe 5-20-2020, 10:19:58 PM
zyad(zyad) used a pack_of_100_syringe 5-20-2020, 10:19:58 PM
zyad(zyad) used a pack_of_100_syringe 5-20-2020, 10:19:59 PM
zyad(zyad) used a pack_of_100_syringe 5-20-2020, 10:19:59 PM
zyad(zyad) used a pack_of_100_syringe 5-20-2020, 10:19:59 PM
zyad(zyad) used a pack_of_100_syringe 5-20-2020, 10:19:59 PM
zyad(zyad) used a pack_of_100_syringe 5-20-2020, 10:19:59 PM
zyad(zyad) used a pack_of_100_syringe 5-20-2020, 10:19:59 PM
zyad(zyad) used a pack_of_10_cola 5-20-2020, 10:20:02 PM
zyad(zyad) used a pack_of_10_cola 5-20-2020, 10:20:02 PM
zyad(zyad) used a pack_of_10_cola 5-20-2020, 10:20:03 PM
zyad(zyad) used a pack_of_10_cola 5-20-2020, 10:20:03 PM
zyad(zyad) used a pack_of_10_cola 5-20-2020, 10:20:03 PM
zyad(zyad) used a pack_of_10_cola 5-20-2020, 10:20:03 PM
zyad(zyad) used a pack_of_10_cola 5-20-2020, 10:20:03 PM
zyad(zyad) used a pack_of_10_cola 5-20-2020, 10:20:03 PM
zyad(zyad) used a pack_of_10_cola 5-20-2020, 10:20:03 PM
zyad(zyad) used a pack_of_10_cola 5-20-2020, 10:20:03 PM
zyad(zyad) used a pack_of_10_cola 5-20-2020, 10:20:03 PM
zyad(zyad) used a pack_of_10_cola 5-20-2020, 10:20:04 PM
zyad(zyad) used a pack_of_10_cola 5-20-2020, 10:20:04 PM
zyad(zyad) used a pack_of_10_cola 5-20-2020, 10:20:04 PM
zyad(zyad) used a pack_of_10_cola 5-20-2020, 10:20:04 PM
zyad(zyad) used a pack_of_10_cola 5-20-2020, 10:20:04 PM
zyad(zyad) used a pack_of_10_cola 5-20-2020, 10:20:04 PM
zyad(zyad) used a pack_of_10_cola 5-20-2020, 10:20:04 PM
zyad(zyad) used a pack_of_10_cola 5-20-2020, 10:20:05 PM
zyad(zyad) used a pack_of_10_cola 5-20-2020, 10:20:05 PM
zyad(zyad) used a pack_of_10_cola 5-20-2020, 10:20:05 PM
zyad(zyad) used a cola 5-20-2020, 10:20:07 PM
zyad(zyad) used a cola 5-20-2020, 10:20:07 PM
zyad(zyad) used a tk_shelter_pack 5-20-2020, 10:22:14 PM
zyad(zyad) used a pack_of_10_cola 5-20-2020, 10:22:17 PM
zyad(zyad) used a pack_of_10_cola 5-20-2020, 10:22:17 PM
zyad(zyad) used a pack_of_10_cola 5-20-2020, 10:22:17 PM
zyad(zyad) used a pack_of_10_cola 5-20-2020, 10:22:17 PM
zyad(zyad) used a pack_of_10_cola 5-20-2020, 10:22:17 PM
zyad(zyad) used a pack_of_10_cola 5-20-2020, 10:22:17 PM
zyad(zyad) used a pack_of_10_cola 5-20-2020, 10:22:17 PM
zyad(zyad) used a shield 5-20-2020, 10:22:21 PM
zyad(zyad) used a shield 5-20-2020, 10:22:22 PM
zyad(zyad) used a shield 5-20-2020, 10:22:22 PM
zyad(zyad) used a shield 5-20-2020, 10:22:22 PM
zyad(zyad) used a shield 5-20-2020, 10:22:22 PM
zyad(zyad) used a shield 5-20-2020, 10:22:22 PM
zyad(zyad) used a shield 5-20-2020, 10:22:22 PM
zyad(zyad) used a shield 5-20-2020, 10:22:22 PM
zyad(zyad) used a shield 5-20-2020, 10:22:22 PM
zyad(zyad) used a shield 5-20-2020, 10:22:23 PM
zyad(zyad) used a shield 5-20-2020, 10:22:23 PM
zyad(zyad) used a shield 5-20-2020, 10:22:23 PM
zyad(zyad) used a shield 5-20-2020, 10:22:23 PM
zyad(zyad) used a shield 5-20-2020, 10:22:23 PM
zyad(zyad) used a shield 5-20-2020, 10:22:24 PM
zyad(zyad) used a shield 5-20-2020, 10:22:24 PM
zyad(zyad) used a shield 5-20-2020, 10:22:24 PM
zyad(zyad) used a shield 5-20-2020, 10:22:24 PM
zyad(zyad) used a shield 5-20-2020, 10:22:24 PM
zyad(zyad) used a shield 5-20-2020, 10:22:24 PM
zyad(zyad) used a wood 5-20-2020, 10:23:00 PM
zyad(zyad) used a coin 5-20-2020, 10:23:43 PM
zyad(zyad) used a coin 5-20-2020, 10:23:44 PM
zyad(zyad) used a coin 5-20-2020, 10:23:44 PM
zyad(zyad) used a coin 5-20-2020, 10:23:45 PM
zyad(zyad) used a coin 5-20-2020, 10:23:45 PM
zyad(zyad) used a dollar 5-20-2020, 10:23:47 PM
zyad(zyad) used a dollar 5-20-2020, 10:23:55 PM
zyad(zyad) used a dollar 5-20-2020, 10:24:08 PM
zyad(zyad) used a dollar 5-20-2020, 10:25:45 PM
zyad(zyad) used a shipment_16ud4xv 5-20-2020, 10:25:59 PM
zyad(zyad) used a kalashnikov_rifle 5-20-2020, 10:26:03 PM
zyad(zyad) used a shipment_nnkt4yy 5-20-2020, 10:27:00 PM
zyad(zyad) used a dog 5-20-2020, 10:27:09 PM
zyad(zyad) used a admingun 5-20-2020, 10:29:06 PM
zyad(zyad) used a sail_boats 5-20-2020, 10:32:23 PM
zyad(zyad) used a sail_boats 5-20-2020, 10:32:24 PM
zyad(zyad) used a sail_boats 5-20-2020, 10:34:19 PM
zyad(zyad) used a syringe 5-20-2020, 10:34:34 PM
zyad(zyad) used a syringe 5-20-2020, 10:34:34 PM
zyad(zyad) used a syringe 5-20-2020, 10:34:34 PM
zyad(zyad) used a syringe 5-20-2020, 10:34:38 PM
zyad(zyad) used a syringe 5-20-2020, 10:34:39 PM
zyad(zyad) used a syringe 5-20-2020, 10:34:39 PM
zyad(zyad) used a syringe 5-20-2020, 10:34:39 PM
zyad(zyad) used a cola 5-20-2020, 10:34:42 PM
zyad(zyad) used a cola 5-20-2020, 10:34:42 PM
zyad(zyad) used a cola 5-20-2020, 10:34:42 PM
zyad(zyad) used a cola 5-20-2020, 10:34:45 PM
zyad(zyad) used a cola 5-20-2020, 10:34:45 PM
zyad(zyad) used a cola 5-20-2020, 10:34:46 PM
zyad(zyad) used a cola 5-20-2020, 10:34:46 PM
zyad(zyad) used a cola 5-20-2020, 10:34:46 PM
zyad(zyad) used a cola 5-20-2020, 10:34:47 PM
zyad(zyad) used a cola 5-20-2020, 10:34:49 PM
zyad(zyad) used a cola 5-20-2020, 10:34:49 PM
zyad(zyad) used a cola 5-20-2020, 10:34:49 PM
zyad(zyad) used a old_car 5-20-2020, 10:35:44 PM
zyad(zyad) used a cannonball 5-20-2020, 10:36:07 PM
zyad(zyad) used a bike 5-20-2020, 10:48:06 PM
zyad(zyad) used a bike 5-20-2020, 10:48:56 PM
zyad(zyad) used a grenade 5-20-2020, 10:52:13 PM
zyad(zyad) used a grenade 5-20-2020, 10:52:13 PM
zyad(zyad) used a grenade 5-20-2020, 10:52:14 PM
zyad(zyad) used a grenade 5-20-2020, 10:52:14 PM
zyad(zyad) used a grenade 5-20-2020, 10:52:14 PM
zyad(zyad) used a grenade 5-20-2020, 10:52:14 PM
zyad(zyad) used a grenade 5-20-2020, 10:52:15 PM
zyad(zyad) used a grenade 5-20-2020, 10:52:15 PM
zyad(zyad) used a grenade 5-20-2020, 10:52:15 PM
zyad(zyad) used a grenade 5-20-2020, 10:52:15 PM
zyad(zyad) used a grenade 5-20-2020, 10:52:17 PM
zyad(zyad) used a grenade 5-20-2020, 10:52:17 PM
zyad(zyad) used a kalashnikov_rifle 5-20-2020, 11:01:12 PM
zyad(zyad) used a aircraft 5-20-2020, 11:01:56 PM
zyad(zyad) used a aircraft 5-20-2020, 11:09:37 PM
zyad(zyad) used a aircraft 5-20-2020, 11:09:37 PM
zyad(zyad) used a bazooka 5-20-2020, 11:11:34 PM
zyad(zyad) used a aircraft 5-20-2020, 11:14:46 PM
zyad(zyad) used a aircraft 5-20-2020, 11:14:46 PM
zyad(zyad) used a horn 5-20-2020, 11:15:14 PM
zyad(zyad) used a hand_grenade_pack 5-20-2020, 11:15:23 PM
zyad(zyad) used a hand_grenade 5-20-2020, 11:15:27 PM
zyad(zyad) used a kalashnikov_rifle 5-20-2020, 11:15:36 PM
zyad(zyad) used a aircraft 5-20-2020, 11:16:41 PM
zyad(zyad) used a aircraft 5-20-2020, 11:16:41 PM
zyad(zyad) used a aircraft 5-20-2020, 11:16:42 PM
zyad(zyad) used a aircraft 5-20-2020, 11:18:47 PM
zyad(zyad) used a aircraft 5-20-2020, 11:18:47 PM
zyad(zyad) used a shield 5-20-2020, 11:21:08 PM
zyad(zyad) used a shield 5-20-2020, 11:21:09 PM
zyad(zyad) used a shield 5-20-2020, 11:21:09 PM
zyad(zyad) used a shield 5-20-2020, 11:21:09 PM
zyad(zyad) used a shield 5-20-2020, 11:21:09 PM
zyad(zyad) used a shield 5-20-2020, 11:21:09 PM
zyad(zyad) used a shield 5-20-2020, 11:21:09 PM
zyad(zyad) used a shield 5-20-2020, 11:21:10 PM
zyad(zyad) used a aircraft 5-20-2020, 11:32:03 PM
zyad(zyad) used a aircraft 5-20-2020, 11:32:04 PM
zyad(zyad) used a aircraft 5-20-2020, 11:32:11 PM
zyad(zyad) used a aircraft 5-20-2020, 11:33:43 PM
zyad(zyad) used a aircraft 5-20-2020, 11:33:43 PM
zyad(zyad) used a kalashnikov_rifle 5-20-2020, 11:38:09 PM
zyad(zyad) used a kalashnikov_rifle 5-20-2020, 11:38:15 PM
zyad(zyad) used a kalashnikov_rifle 5-20-2020, 11:38:16 PM
zyad(zyad) used a aircraft 5-20-2020, 11:38:20 PM
zyad(zyad) used a aircraft 5-20-2020, 11:38:20 PM