
zyad(zyad) used a mine 5-22-2020, 2:03:06 AM
zyad(zyad) used a mine 5-22-2020, 2:03:10 AM
zyad(zyad) used a mine 5-22-2020, 2:03:14 AM
zyad(zyad) used a mine 5-22-2020, 2:03:14 AM
zyad(zyad) used a mine 5-22-2020, 2:03:15 AM
zyad(zyad) used a mine 5-22-2020, 2:03:16 AM
zyad(zyad) used a mine 5-22-2020, 2:03:19 AM
zyad(zyad) used a mine 5-22-2020, 2:03:19 AM
zyad(zyad) used a mine 5-22-2020, 2:03:21 AM
zyad(zyad) used a mine 5-22-2020, 2:03:23 AM
zyad(zyad) used a kalashnikov_rifle 5-22-2020, 2:03:51 AM
zyad(zyad) used a pack_of_30_ammo_modern_sub_machine_gun_carbine 5-22-2020, 2:04:52 AM
zyad(zyad) used a pack_of_30_ammo_modern_sub_machine_gun_carbine 5-22-2020, 2:04:52 AM
zyad(zyad) used a pack_of_30_ammo_modern_sub_machine_gun_carbine 5-22-2020, 2:04:53 AM
zyad(zyad) used a pack_of_30_ammo_modern_sub_machine_gun_carbine 5-22-2020, 2:04:53 AM
zyad(zyad) used a pack_of_30_ammo_modern_sub_machine_gun_carbine 5-22-2020, 2:04:53 AM
zyad(zyad) used a pack_of_30_ammo_modern_sub_machine_gun_carbine 5-22-2020, 2:04:53 AM
zyad(zyad) used a pack_of_30_ammo_modern_sub_machine_gun_carbine 5-22-2020, 2:04:53 AM
zyad(zyad) used a pack_of_30_ammo_modern_sub_machine_gun_carbine 5-22-2020, 2:04:53 AM
zyad(zyad) used a pack_of_30_ammo_modern_sub_machine_gun_carbine 5-22-2020, 2:04:53 AM
zyad(zyad) used a pack_of_30_ammo_modern_sub_machine_gun_carbine 5-22-2020, 2:04:54 AM
zyad(zyad) used a ml_Automatic_machinegun 5-22-2020, 2:06:03 AM
zyad(zyad) used a pack_of_2000_ammo_m79_grenade_launcher 5-22-2020, 2:06:21 AM
zyad(zyad) used a warp_box 5-22-2020, 2:07:12 AM
zyad(zyad) used a warp_box 5-22-2020, 2:07:18 AM
zyad(zyad) used a aircraft 5-22-2020, 2:07:34 AM
zyad(zyad) used a aircraft 5-22-2020, 2:07:34 AM
zyad(zyad) used a air_canister 5-22-2020, 2:08:49 AM
zyad(zyad) used a air_canister 5-22-2020, 2:08:50 AM
zyad(zyad) used a air_canister 5-22-2020, 2:08:50 AM
zyad(zyad) used a air_canister 5-22-2020, 2:08:50 AM
zyad(zyad) used a air_canister 5-22-2020, 2:08:50 AM
zyad(zyad) used a police_car 5-22-2020, 2:09:08 AM
zyad(zyad) used a police_car 5-22-2020, 2:09:08 AM
zyad(zyad) used a modern_sub_machine_gun_carbine 5-22-2020, 10:41:48 AM
zyad(zyad) used a pack_of_100_ammo_m16_assault_rifle 5-22-2020, 10:42:19 AM
zyad(zyad) used a pack_of_100_ammo_m16_assault_rifle 5-22-2020, 10:42:19 AM
zyad(zyad) used a pack_of_100_ammo_m16_assault_rifle 5-22-2020, 10:42:20 AM
zyad(zyad) used a pack_of_100_ammo_m16_assault_rifle 5-22-2020, 10:42:20 AM
zyad(zyad) used a pack_of_100_ammo_m16_assault_rifle 5-22-2020, 10:42:20 AM
zyad(zyad) used a pack_of_100_ammo_m16_assault_rifle 5-22-2020, 10:42:20 AM
zyad(zyad) used a admingun 5-22-2020, 10:42:39 AM
zyad(zyad) used a air_canister 5-22-2020, 2:00:24 PM
zyad(zyad) used a aircraft 5-22-2020, 2:00:37 PM
zyad(zyad) used a admingun 5-22-2020, 2:20:27 PM
zyad(zyad) used a grenade 5-22-2020, 2:21:22 PM
zyad(zyad) used a grenade 5-22-2020, 2:21:22 PM
zyad(zyad) used a grenade 5-22-2020, 2:21:23 PM
zyad(zyad) used a grenade 5-22-2020, 2:21:23 PM
zyad(zyad) used a grenade 5-22-2020, 2:21:23 PM
zyad(zyad) used a grenade 5-22-2020, 2:21:23 PM
zyad(zyad) used a grenade 5-22-2020, 2:21:23 PM
zyad(zyad) used a grenade 5-22-2020, 2:21:24 PM
zyad(zyad) used a grenade 5-22-2020, 2:21:24 PM
zyad(zyad) used a grenade 5-22-2020, 2:21:24 PM
zyad(zyad) used a grenade 5-22-2020, 2:21:24 PM
zyad(zyad) used a grenade 5-22-2020, 2:21:25 PM
zyad(zyad) used a grenade 5-22-2020, 2:21:25 PM
zyad(zyad) used a grenade 5-22-2020, 2:21:25 PM
zyad(zyad) used a grenade 5-22-2020, 2:21:25 PM
zyad(zyad) used a grenade 5-22-2020, 2:21:25 PM
zyad(zyad) used a grenade 5-22-2020, 2:21:26 PM
zyad(zyad) used a grenade 5-22-2020, 2:21:26 PM
zyad(zyad) used a grenade 5-22-2020, 2:21:28 PM
zyad(zyad) used a grenade 5-22-2020, 2:21:29 PM
zyad(zyad) used a grenade 5-22-2020, 2:21:31 PM
zyad(zyad) used a grenade 5-22-2020, 2:21:31 PM
zyad(zyad) used a grenade 5-22-2020, 2:21:33 PM
zyad(zyad) used a grenade 5-22-2020, 2:21:33 PM
zyad(zyad) used a grenade 5-22-2020, 2:21:35 PM
zyad(zyad) used a grenade 5-22-2020, 2:21:37 PM
zyad(zyad) used a grenade 5-22-2020, 2:21:39 PM
zyad(zyad) used a grenade 5-22-2020, 2:21:40 PM
zyad(zyad) used a grenade 5-22-2020, 2:21:40 PM
zyad(zyad) used a grenade 5-22-2020, 2:21:40 PM
zyad(zyad) used a grenade 5-22-2020, 2:21:40 PM
zyad(zyad) used a grenade 5-22-2020, 2:21:40 PM
zyad(zyad) used a grenade 5-22-2020, 2:21:41 PM
zyad(zyad) used a grenade 5-22-2020, 2:21:41 PM
zyad(zyad) used a grenade 5-22-2020, 2:21:41 PM
zyad(zyad) used a grenade 5-22-2020, 2:21:41 PM
zyad(zyad) used a grenade 5-22-2020, 2:21:42 PM
zyad(zyad) used a grenade 5-22-2020, 2:21:42 PM
zyad(zyad) used a grenade 5-22-2020, 2:21:42 PM
zyad(zyad) used a grenade 5-22-2020, 2:21:42 PM
zyad(zyad) used a grenade 5-22-2020, 2:21:42 PM
zyad(zyad) used a grenade 5-22-2020, 2:21:43 PM
zyad(zyad) used a grenade 5-22-2020, 2:21:43 PM
zyad(zyad) used a grenade 5-22-2020, 2:21:43 PM
zyad(zyad) used a grenade 5-22-2020, 2:21:43 PM
zyad(zyad) used a grenade 5-22-2020, 2:21:44 PM
zyad(zyad) used a grenade 5-22-2020, 2:21:44 PM
zyad(zyad) used a grenade 5-22-2020, 2:21:44 PM
zyad(zyad) used a grenade 5-22-2020, 2:21:45 PM
zyad(zyad) used a grenade 5-22-2020, 2:21:45 PM
zyad(zyad) used a grenade 5-22-2020, 2:21:45 PM
zyad(zyad) used a grenade 5-22-2020, 2:21:45 PM
zyad(zyad) used a grenade 5-22-2020, 2:21:45 PM
zyad(zyad) used a grenade 5-22-2020, 2:21:46 PM
zyad(zyad) used a grenade 5-22-2020, 2:21:46 PM
zyad(zyad) used a grenade 5-22-2020, 2:21:46 PM
zyad(zyad) used a grenade 5-22-2020, 2:21:46 PM
zyad(zyad) used a grenade 5-22-2020, 2:21:47 PM
zyad(zyad) used a grenade 5-22-2020, 2:21:47 PM
zyad(zyad) used a grenade 5-22-2020, 2:21:47 PM
zyad(zyad) used a grenade 5-22-2020, 2:21:47 PM
zyad(zyad) used a grenade 5-22-2020, 2:21:48 PM
zyad(zyad) used a grenade 5-22-2020, 2:21:48 PM
zyad(zyad) used a grenade 5-22-2020, 2:21:48 PM
zyad(zyad) used a grenade 5-22-2020, 2:21:49 PM
zyad(zyad) used a grenade 5-22-2020, 2:21:49 PM
zyad(zyad) used a grenade 5-22-2020, 2:21:49 PM
zyad(zyad) used a grenade 5-22-2020, 2:21:50 PM
zyad(zyad) used a grenade 5-22-2020, 2:21:50 PM
zyad(zyad) used a grenade 5-22-2020, 2:21:51 PM
zyad(zyad) used a grenade 5-22-2020, 2:21:51 PM
zyad(zyad) used a grenade 5-22-2020, 2:21:51 PM
zyad(zyad) used a grenade 5-22-2020, 2:21:52 PM
zyad(zyad) used a grenade 5-22-2020, 2:21:53 PM