
test (test) said f 5-21-2020, 12:00:38 AM
server notification: test is no longer a newbie! 5-21-2020, 12:00:52 AM
test was kicked from the server 5-21-2020, 12:01:26 AM
test logged in. 5-21-2020, 12:01:29 AM
zyad logged in. 5-21-2020, 12:02:08 AM
zyad (zyad) said f 5-21-2020, 12:03:00 AM
test was kicked from the server 5-21-2020, 12:03:04 AM
zyad was kicked from the server 5-21-2020, 12:03:10 AM
zyad logged in. 5-21-2020, 12:03:12 AM
test logged in. 5-21-2020, 12:08:41 AM
test (test) said f 5-21-2020, 12:08:43 AM
test disconnected 5-21-2020, 12:08:45 AM
test logged in. 5-21-2020, 12:08:48 AM
zyad logged in. 5-21-2020, 12:09:05 AM
zyad (zyad) said f 5-21-2020, 12:09:16 AM
death: zyad's helicopter 76 was turned to pulp by zyad's kalashnikov_rifle 5-21-2020, 12:10:02 AM
zyad logged in. 5-21-2020, 12:45:43 AM
zyad has moved zyad to 0, 0, 0 on map store 5-21-2020, 12:45:56 AM
zyad logged in. 5-21-2020, 12:50:40 AM
zyad has moved zyad to 0, 0, 0 on map test 5-21-2020, 12:50:47 AM
death: Oops? Man down! That man is zyad. shards of fire isn't so kind on bare area of the battlefield. 5-21-2020, 12:53:01 AM
zyad has moved zyad to 1, 1, 1 on map test 5-21-2020, 12:53:37 AM
zyad logged in. 5-21-2020, 1:06:08 AM
zyad (zyad) said f 5-21-2020, 1:06:10 AM
zyad logged in. 5-21-2020, 1:11:04 AM
zyad logged in. 5-21-2020, 1:18:17 AM
zyad has moved zyad to 0, 0, 0 on map store 5-21-2020, 1:18:38 AM
test logged in. 5-21-2020, 1:19:54 AM
zyad has moved zyad to 1, 1, 1 on map test 5-21-2020, 1:20:12 AM
zyad (zyad) said f 5-21-2020, 1:37:41 AM
test logged in. 5-21-2020, 1:38:54 AM
test (test) said f 5-21-2020, 1:38:56 AM
zyad logged in. 5-21-2020, 1:39:19 AM
zyad has moved test to 0, 0, 0 on map test 5-21-2020, 1:39:35 AM
zyad (zyad) said f 5-21-2020, 1:39:54 AM
test (test) said f 5-21-2020, 1:40:17 AM
server notification: test is no longer a newbie! 5-21-2020, 1:40:25 AM
death: zyad's fists just blasted test away! 5-21-2020, 1:40:26 AM
zyad has moved test to 0, 0, 0 on map test 5-21-2020, 1:41:03 AM
test (test) said f 5-21-2020, 1:41:26 AM
death: Another one bites the dust, test, you will be greatly missed on press enter to go to the city. 5-21-2020, 1:41:30 AM
zyad (zyad) said f 5-21-2020, 1:41:56 AM
test (test) said f 5-21-2020, 1:42:12 AM
death: zyad's fists laughs mockingly at the dying form of test on store 5-21-2020, 1:42:32 AM
zyad logged in. 5-21-2020, 1:48:17 AM
death: zyad was nuked off the map bare area of the battlefield by no one 5-21-2020, 1:48:36 AM
zyad (zyad) said f 5-21-2020, 1:48:51 AM
death: zyad died. Why? Because no one owned them on store. 5-21-2020, 1:48:58 AM
zyad logged in. 5-21-2020, 1:53:11 AM
zyad logged in. 5-21-2020, 1:59:56 AM
zyad (zyad) said f 5-21-2020, 2:01:29 AM
zyad was kicked from the server 5-21-2020, 2:02:30 AM
zyad logged in. 5-21-2020, 2:02:33 AM
zyad has moved zyad to 0, 0, 0 on map store 5-21-2020, 2:03:25 AM
zyad (zyad) said f 5-21-2020, 2:08:09 AM
in team killer, zyad (zyad) said f 5-21-2020, 2:09:06 AM
zyad (zyad) said ins 5-21-2020, 2:13:34 AM
zyad (zyad) said f 5-21-2020, 2:14:33 AM
zyad logged in. 5-21-2020, 2:15:38 AM
zyad (zyad) said f 5-21-2020, 2:16:01 AM
zyad disconnected 5-21-2020, 2:16:07 AM
zyad logged in. 5-21-2020, 2:16:28 AM
zyad logged in. 5-21-2020, 2:35:49 AM
zyad (zyad) said f 5-21-2020, 2:35:55 AM
test logged in. 5-21-2020, 2:39:04 AM
in team killer, test (test) said hi 5-21-2020, 2:39:17 AM
zyad has moved zyad to 0, 0, 0 on map test 5-21-2020, 2:39:25 AM
zyad (zyad) said f 5-21-2020, 2:39:34 AM
zyad has moved test to 0, 0, 0 on map test 5-21-2020, 2:39:53 AM
death: test just got their ass handed to them on a platter, happily served by zyad's feet 5-21-2020, 2:40:04 AM
test (test) said f 5-21-2020, 2:40:10 AM
test logged in. 5-21-2020, 3:15:39 AM
test disconnected 5-21-2020, 3:15:41 AM
zyad logged in. 5-21-2020, 3:19:32 AM
zyad logged in. 5-21-2020, 4:16:39 AM
zyad (zyad) said hi 5-21-2020, 4:17:10 AM
zyad (zyad) said no no 5-21-2020, 4:17:13 AM
zyad (zyad) said Your developer flag is now on 5-21-2020, 4:17:25 AM
zyad (zyad) said aa 5-21-2020, 4:17:28 AM
zyad has moved zyad to 0, 0, 0 on map store 5-21-2020, 4:17:52 AM
zyad logged in. 5-21-2020, 4:39:24 AM
zyad disconnected 5-21-2020, 4:41:44 AM
zyad logged in. 5-21-2020, 4:41:48 AM
zyad (zyad) said f 5-21-2020, 4:42:13 AM
zyad disconnected 5-21-2020, 4:45:40 AM
zyad logged in. 5-21-2020, 4:45:44 AM
zyad (zyad) said gnsubmit 1 5-21-2020, 4:47:09 AM
zyad (zyad) said gnsubmit 5-21-2020, 4:47:19 AM
zyad (zyad) said f 5-21-2020, 4:47:20 AM
zyad (zyad) said ferf 5-21-2020, 4:47:22 AM
zyad (zyad) said f 5-21-2020, 4:47:25 AM
zyad (zyad) said warning! playerzyad has just tried to ban you! 5-21-2020, 4:51:23 AM
zyad just gave a level 1 warning to zyad (zyad): /warn zyad 1 5-21-2020, 4:51:35 AM
zyad just gave a level 2 warning to zyad (zyad): /warn zyad 2 5-21-2020, 4:51:52 AM
zyad just gave a level 3 warning to zyad (zyad): /warn zyad 3 5-21-2020, 4:51:58 AM
zyad just gave a level 4 warning to zyad (zyad): /warn zyad 4 5-21-2020, 4:52:04 AM
zyad just gave a level 5 warning to zyad (zyad): /warn zyad 5 5-21-2020, 4:52:09 AM
zyad disconnected 5-21-2020, 4:52:12 AM
zyad logged in. 5-21-2020, 4:52:15 AM
zyad (zyad) has excepted their level 5 warning of /warn zyad 5 5-21-2020, 4:52:33 AM
zyad disconnected 5-21-2020, 4:53:42 AM
zyad logged in. 5-21-2020, 4:53:45 AM
zyad disconnected 5-21-2020, 4:54:47 AM
zyad logged in. 5-21-2020, 4:54:50 AM
zyad has moved zyad to 0, 0, 0 on map test 5-21-2020, 4:55:58 AM
zyad logged in. 5-21-2020, 5:01:58 AM
zyad (zyad) said f 5-21-2020, 5:04:22 AM
zyad (zyad) said np 5-21-2020, 5:04:32 AM
zyad (zyad) said f 5-21-2020, 5:06:36 AM
zyad (zyad) said f 5-21-2020, 5:06:36 AM
zyad (zyad) said f 5-21-2020, 5:06:38 AM
zyad (zyad) said f 5-21-2020, 5:06:38 AM
zyad (zyad) said f/ 5-21-2020, 5:06:38 AM
zyad (zyad) said f 5-21-2020, 5:06:39 AM
zyad (zyad) said f/ 5-21-2020, 5:06:39 AM
zyad (zyad) said f/ 5-21-2020, 5:06:40 AM
zyad (zyad) said f 5-21-2020, 5:06:40 AM
zyad logged in. 5-21-2020, 5:44:07 AM
zyad (zyad) said f 5-21-2020, 5:44:34 AM
zyad (zyad) said f 5-21-2020, 5:44:34 AM
zyad (zyad) said f 5-21-2020, 5:44:35 AM
zyad has moved zyad to 100, 100, 0 on map test 5-21-2020, 5:45:17 AM
zyad has moved zyad to 300, 300, 0 on map main 5-21-2020, 5:46:15 AM
zyad logged in. 5-21-2020, 7:01:08 AM
zyad (zyad) said f 5-21-2020, 7:01:21 AM
zyad (zyad) said h;ello 5-21-2020, 7:01:24 AM
zyad (zyad) said hello 5-21-2020, 7:01:27 AM
zyad (zyad) said hi bro 5-21-2020, 7:01:34 AM
zyad has moved zyad to 0, 0, 0 on map test 5-21-2020, 7:02:13 AM
death: Damn, shards of fire, that was quite a vicious display of violence towards zyad 5-21-2020, 7:03:25 AM
zyad has moved zyad to 1, 1, 1 on map test 5-21-2020, 7:03:33 AM
zyad (zyad) said f 5-21-2020, 7:04:08 AM
zyad (zyad) said f 5-21-2020, 7:04:08 AM
zyad (zyad) said f 5-21-2020, 7:04:09 AM
zyad (zyad) said f 5-21-2020, 7:04:09 AM
zyad (zyad) said f 5-21-2020, 7:04:10 AM
zyad (zyad) said f 5-21-2020, 7:04:10 AM
death: zyad, You have a murderer on line 1, go ahead shards of fire  5-21-2020, 7:04:46 AM
zyad logged in. 5-21-2020, 3:26:37 PM
zyad (zyad) said f 5-21-2020, 3:27:56 PM
zyad (zyad) said hi 5-21-2020, 3:29:25 PM
zyad logged in. 5-21-2020, 3:56:40 PM
zyad (zyad) said f 5-21-2020, 3:56:48 PM
zyad (zyad) said f 5-21-2020, 3:57:16 PM
zyad (zyad) said nooooooo 5-21-2020, 3:57:19 PM
zyad (zyad) said health_booster 5-21-2020, 3:58:07 PM
zyad has moved zyad to 0, 0, 0 on map test 5-21-2020, 4:00:16 PM
death: Another one bites the dust, zyad, you will be greatly missed on bare area of the battlefield. 5-21-2020, 4:00:58 PM
zyad logged in. 5-21-2020, 4:16:56 PM
zyad (zyad) said È 5-21-2020, 4:19:36 PM
zyad logged in. 5-21-2020, 4:53:31 PM
zyad (zyad) said f 5-21-2020, 4:53:47 PM
zyad (zyad) said hehehehe 5-21-2020, 4:53:50 PM
zyad logged in. 5-21-2020, 4:56:54 PM
zyad logged in. 5-21-2020, 6:53:15 PM
zyad has moved zyad to 1, 1, 1 on map test 5-21-2020, 6:53:36 PM
zyad (zyad) said f 5-21-2020, 6:53:42 PM
zyad (zyad) said f 5-21-2020, 6:53:55 PM
zyad (zyad) said f 5-21-2020, 6:53:56 PM
zyad (zyad) said f 5-21-2020, 6:53:56 PM
zyad (zyad) said f 5-21-2020, 6:53:57 PM
zyad (zyad) said f 5-21-2020, 6:53:57 PM
zyad (zyad) said f 5-21-2020, 6:53:57 PM
zyad (zyad) said f 5-21-2020, 6:53:58 PM
zyad (zyad) said f 5-21-2020, 6:53:59 PM
zyad (zyad) said f/ 5-21-2020, 6:54:00 PM
zyad (zyad) said f 5-21-2020, 6:54:00 PM
zyad (zyad) said f 5-21-2020, 6:54:01 PM
zyad logged in. 5-21-2020, 7:00:21 PM
zyad (zyad) said f 5-21-2020, 7:00:30 PM
zyad (zyad) said f 5-21-2020, 7:05:48 PM
zyad logged in. 5-21-2020, 8:41:59 PM
zyad (zyad) said f 5-21-2020, 8:42:12 PM
zyad (zyad) said hi 5-21-2020, 8:42:14 PM
zyad (zyad) said bitcoin, you have 4 5-21-2020, 8:43:19 PM
zyad logged in. 5-21-2020, 9:43:11 PM
zyad disconnected 5-21-2020, 9:43:18 PM
zyad logged in. 5-21-2020, 9:43:22 PM
zyad logged in. 5-21-2020, 9:44:13 PM
zyad logged in. 5-21-2020, 9:55:34 PM
zyad logged in. 5-21-2020, 10:00:05 PM
zyad logged in. 5-21-2020, 10:03:05 PM
zyad logged in. 5-21-2020, 10:10:28 PM
zyad disconnected 5-21-2020, 10:10:32 PM
zyad logged in. 5-21-2020, 10:10:36 PM
zyad disconnected 5-21-2020, 10:10:40 PM
zyad logged in. 5-21-2020, 10:10:46 PM
death: shards of fire just put the smack down on zyad 5-21-2020, 10:11:09 PM
zyad logged in. 5-21-2020, 10:40:20 PM
zyad has moved zyad to 0, 0, 0 on map test 5-21-2020, 10:40:31 PM
zyad (zyad) said f 5-21-2020, 10:41:29 PM
zyad (zyad) said f 5-21-2020, 10:43:12 PM
zyad logged in. 5-21-2020, 10:49:26 PM
zyad (zyad) said È 5-21-2020, 10:49:40 PM
zyad (zyad) said Ö 5-21-2020, 10:49:55 PM
zyad logged in. 5-21-2020, 10:53:29 PM
zyad disconnected 5-21-2020, 10:53:39 PM
zyad logged in. 5-21-2020, 10:53:43 PM
zyad logged in. 5-21-2020, 11:18:52 PM
zyad (zyad) said f 5-21-2020, 11:18:56 PM
zyad logged in. 5-21-2020, 11:22:09 PM