
zyad(zyad) bought 1 poison_darts 5-21-2020, 12:46:02 AM
zyad(zyad) bought 1 tasing_small_projectiles 5-21-2020, 2:03:30 AM
zyad(zyad) bought 300 tasing_small_projectiles 5-21-2020, 2:03:34 AM
zyad(zyad) bought 300 poisoned_small_projectiles 5-21-2020, 2:03:42 AM
zyad(zyad) bought 300 small_projectiles 5-21-2020, 2:03:47 AM
zyad(zyad) bought 1 ml_Automatic_machineguns 5-21-2020, 2:04:23 AM
zyad(zyad) bought 50 ammo_kalashnikov_rifles 5-21-2020, 2:04:54 AM
zyad(zyad) bought 100 pack_of_10_ammo_ml_Automatic_machineguns 5-21-2020, 2:05:46 AM
zyad(zyad) bought 30 ultra_antibiotic_packs 5-21-2020, 2:07:04 AM
zyad(zyad) bought 1 bazookas 5-21-2020, 4:17:55 AM
zyad(zyad) bought 1 modern_sub_machine_gun_carbines 5-21-2020, 4:18:06 AM
zyad(zyad) bought 1 rocketlaunchers 5-21-2020, 4:18:09 AM
zyad(zyad) bought 1 rpg7s 5-21-2020, 4:18:13 AM
zyad(zyad) bought 1 browning_m2_heavy_50_cal_machineguns 5-21-2020, 4:18:31 AM
zyad(zyad) bought 50 pack_of_10_ammo_bazookas 5-21-2020, 4:18:46 AM
zyad(zyad) bought 50 pack_of_10_ammo_cannons 5-21-2020, 4:19:00 AM
zyad(zyad) bought 3 robocops 5-21-2020, 4:42:29 AM
zyad(zyad) bought 2 aircrafts 5-21-2020, 4:42:52 AM
zyad(zyad) bought 2 dogan_slxs 5-21-2020, 4:42:54 AM
zyad(zyad) bought 2 police_car_supers 5-21-2020, 4:42:57 AM
zyad(zyad) bought 2 sail_boatss 5-21-2020, 4:43:00 AM
zyad(zyad) bought 2 police_cars 5-21-2020, 4:43:03 AM
zyad(zyad) bought 2 Trucks 5-21-2020, 4:43:06 AM
zyad(zyad) bought 2 tanks 5-21-2020, 4:43:09 AM
zyad(zyad) bought 3 armored_tanks 5-21-2020, 4:43:13 AM
zyad(zyad) bought 50 fuel_tanks 5-21-2020, 4:43:18 AM
zyad(zyad) bought 1 toolboxs 5-21-2020, 4:43:21 AM
zyad(zyad) bought 300 metal_packs 5-21-2020, 4:43:24 AM
zyad(zyad) bought 1 kalashnikov_rifles 5-21-2020, 3:59:06 PM
zyad(zyad) bought 1 rocketlaunchers 5-21-2020, 3:59:29 PM