
zyad (zyad) said f 5-21-2020, 12:03:00 AM
zyad (zyad) said f 5-21-2020, 12:09:16 AM
zyad (zyad) said f 5-21-2020, 1:06:10 AM
zyad (zyad) said f 5-21-2020, 1:37:41 AM
zyad (zyad) said f 5-21-2020, 1:39:54 AM
zyad (zyad) said f 5-21-2020, 1:41:56 AM
zyad (zyad) said f 5-21-2020, 1:48:51 AM
zyad (zyad) said f 5-21-2020, 2:01:29 AM
zyad (zyad) said f 5-21-2020, 2:08:09 AM
zyad (zyad) said ins 5-21-2020, 2:13:34 AM
zyad (zyad) said f 5-21-2020, 2:14:33 AM
zyad (zyad) said f 5-21-2020, 2:16:01 AM
zyad (zyad) said f 5-21-2020, 2:35:55 AM
zyad (zyad) said f 5-21-2020, 2:39:34 AM
zyad (zyad) said hi 5-21-2020, 4:17:10 AM
zyad (zyad) said no no 5-21-2020, 4:17:13 AM
zyad (zyad) said Your developer flag is now on 5-21-2020, 4:17:25 AM
zyad (zyad) said aa 5-21-2020, 4:17:28 AM
zyad (zyad) said f 5-21-2020, 4:42:13 AM
zyad (zyad) said gnsubmit 1 5-21-2020, 4:47:09 AM
zyad (zyad) said gnsubmit 5-21-2020, 4:47:19 AM
zyad (zyad) said f 5-21-2020, 4:47:20 AM
zyad (zyad) said ferf 5-21-2020, 4:47:22 AM
zyad (zyad) said f 5-21-2020, 4:47:25 AM
zyad (zyad) said warning! playerzyad has just tried to ban you! 5-21-2020, 4:51:23 AM
zyad (zyad) said f 5-21-2020, 5:04:22 AM
zyad (zyad) said np 5-21-2020, 5:04:32 AM
zyad (zyad) said f 5-21-2020, 5:06:36 AM
zyad (zyad) said f 5-21-2020, 5:06:36 AM
zyad (zyad) said f 5-21-2020, 5:06:38 AM
zyad (zyad) said f 5-21-2020, 5:06:38 AM
zyad (zyad) said f/ 5-21-2020, 5:06:38 AM
zyad (zyad) said f 5-21-2020, 5:06:39 AM
zyad (zyad) said f/ 5-21-2020, 5:06:39 AM
zyad (zyad) said f/ 5-21-2020, 5:06:40 AM
zyad (zyad) said f 5-21-2020, 5:06:40 AM
zyad (zyad) said f 5-21-2020, 5:44:34 AM
zyad (zyad) said f 5-21-2020, 5:44:34 AM
zyad (zyad) said f 5-21-2020, 5:44:35 AM
zyad (zyad) said f 5-21-2020, 7:01:21 AM
zyad (zyad) said h;ello 5-21-2020, 7:01:24 AM
zyad (zyad) said hello 5-21-2020, 7:01:27 AM
zyad (zyad) said hi bro 5-21-2020, 7:01:34 AM
zyad (zyad) said f 5-21-2020, 7:04:08 AM
zyad (zyad) said f 5-21-2020, 7:04:08 AM
zyad (zyad) said f 5-21-2020, 7:04:09 AM
zyad (zyad) said f 5-21-2020, 7:04:09 AM
zyad (zyad) said f 5-21-2020, 7:04:10 AM
zyad (zyad) said f 5-21-2020, 7:04:10 AM
zyad (zyad) said f 5-21-2020, 3:27:55 PM
zyad (zyad) said hi 5-21-2020, 3:29:25 PM
zyad (zyad) said f 5-21-2020, 3:56:48 PM
zyad (zyad) said f 5-21-2020, 3:57:16 PM
zyad (zyad) said nooooooo 5-21-2020, 3:57:19 PM
zyad (zyad) said health_booster 5-21-2020, 3:58:07 PM
zyad (zyad) said È 5-21-2020, 4:19:36 PM
zyad (zyad) said f 5-21-2020, 4:53:47 PM
zyad (zyad) said hehehehe 5-21-2020, 4:53:50 PM
zyad (zyad) said f 5-21-2020, 6:53:42 PM
zyad (zyad) said f 5-21-2020, 6:53:55 PM
zyad (zyad) said f 5-21-2020, 6:53:56 PM
zyad (zyad) said f 5-21-2020, 6:53:56 PM
zyad (zyad) said f 5-21-2020, 6:53:57 PM
zyad (zyad) said f 5-21-2020, 6:53:57 PM
zyad (zyad) said f 5-21-2020, 6:53:57 PM
zyad (zyad) said f 5-21-2020, 6:53:58 PM
zyad (zyad) said f 5-21-2020, 6:53:59 PM
zyad (zyad) said f/ 5-21-2020, 6:54:00 PM
zyad (zyad) said f 5-21-2020, 6:54:00 PM
zyad (zyad) said f 5-21-2020, 6:54:01 PM
zyad (zyad) said f 5-21-2020, 7:00:30 PM
zyad (zyad) said f 5-21-2020, 7:05:48 PM
zyad (zyad) said f 5-21-2020, 8:42:12 PM
zyad (zyad) said hi 5-21-2020, 8:42:14 PM
zyad (zyad) said bitcoin, you have 4 5-21-2020, 8:43:19 PM
zyad (zyad) said f 5-21-2020, 10:41:29 PM
zyad (zyad) said f 5-21-2020, 10:43:12 PM
zyad (zyad) said È 5-21-2020, 10:49:40 PM
zyad (zyad) said Ö 5-21-2020, 10:49:55 PM
zyad (zyad) said f 5-21-2020, 11:18:56 PM