
zyad(zyad) used a shield 5-21-2020, 12:01:17 AM
zyad(zyad) used a shield 5-21-2020, 12:01:17 AM
zyad(zyad) used a shield 5-21-2020, 12:01:17 AM
zyad(zyad) used a shield 5-21-2020, 12:01:17 AM
zyad(zyad) used a shield 5-21-2020, 12:01:18 AM
zyad(zyad) used a shield 5-21-2020, 12:01:18 AM
zyad(zyad) used a shield 5-21-2020, 12:01:18 AM
zyad(zyad) used a shield 5-21-2020, 12:01:19 AM
zyad(zyad) used a shield 5-21-2020, 12:01:19 AM
zyad(zyad) used a shield 5-21-2020, 12:01:19 AM
zyad(zyad) used a hand_grenade 5-21-2020, 12:09:33 AM
zyad(zyad) used a hand_grenade 5-21-2020, 12:09:34 AM
zyad(zyad) used a hand_grenade 5-21-2020, 12:09:34 AM
zyad(zyad) used a helicopter 5-21-2020, 12:09:38 AM
zyad(zyad) used a kalashnikov_rifle 5-21-2020, 12:09:53 AM
zyad(zyad) used a kalashnikov_rifle 5-21-2020, 12:10:12 AM
zyad(zyad) used a shield 5-21-2020, 12:10:29 AM
zyad(zyad) used a shield 5-21-2020, 12:10:30 AM
zyad(zyad) used a shield 5-21-2020, 12:10:30 AM
zyad(zyad) used a item_grabber 5-21-2020, 12:10:37 AM
zyad(zyad) used a bitcoin 5-21-2020, 12:46:28 AM
zyad(zyad) used a bitcoin 5-21-2020, 12:46:30 AM
zyad(zyad) used a bitcoin 5-21-2020, 12:46:31 AM
zyad(zyad) used a bitcoin 5-21-2020, 12:46:31 AM
zyad(zyad) used a bitcoin 5-21-2020, 12:46:32 AM
zyad(zyad) used a Bike 5-21-2020, 1:12:45 AM
zyad(zyad) used a admingun 5-21-2020, 1:53:39 AM
zyad(zyad) used a robocop 5-21-2020, 1:53:41 AM
zyad(zyad) used a pack_of_10_ammo_ml_Automatic_machinegun 5-21-2020, 2:05:49 AM
zyad(zyad) used a pack_of_10_ammo_ml_Automatic_machinegun 5-21-2020, 2:05:49 AM
zyad(zyad) used a pack_of_10_ammo_ml_Automatic_machinegun 5-21-2020, 2:05:49 AM
zyad(zyad) used a pack_of_10_ammo_ml_Automatic_machinegun 5-21-2020, 2:05:49 AM
zyad(zyad) used a pack_of_10_ammo_ml_Automatic_machinegun 5-21-2020, 2:05:49 AM
zyad(zyad) used a pack_of_10_ammo_ml_Automatic_machinegun 5-21-2020, 2:05:49 AM
zyad(zyad) used a pack_of_10_ammo_ml_Automatic_machinegun 5-21-2020, 2:05:49 AM
zyad(zyad) used a pack_of_10_ammo_ml_Automatic_machinegun 5-21-2020, 2:05:49 AM
zyad(zyad) used a pack_of_10_ammo_ml_Automatic_machinegun 5-21-2020, 2:05:50 AM
zyad(zyad) used a pack_of_10_ammo_ml_Automatic_machinegun 5-21-2020, 2:05:50 AM
zyad(zyad) used a pack_of_10_ammo_ml_Automatic_machinegun 5-21-2020, 2:05:50 AM
zyad(zyad) used a pack_of_10_ammo_ml_Automatic_machinegun 5-21-2020, 2:05:50 AM
zyad(zyad) used a pack_of_10_ammo_ml_Automatic_machinegun 5-21-2020, 2:05:50 AM
zyad(zyad) used a pack_of_10_ammo_ml_Automatic_machinegun 5-21-2020, 2:05:53 AM
zyad(zyad) used a pack_of_10_ammo_ml_Automatic_machinegun 5-21-2020, 2:05:53 AM
zyad(zyad) used a pack_of_10_ammo_ml_Automatic_machinegun 5-21-2020, 2:05:54 AM
zyad(zyad) used a pack_of_10_ammo_ml_Automatic_machinegun 5-21-2020, 2:05:54 AM
zyad(zyad) used a pack_of_10_ammo_ml_Automatic_machinegun 5-21-2020, 2:05:54 AM
zyad(zyad) used a pack_of_10_ammo_ml_Automatic_machinegun 5-21-2020, 2:05:54 AM
zyad(zyad) used a pack_of_10_ammo_ml_Automatic_machinegun 5-21-2020, 2:05:54 AM
zyad(zyad) used a pack_of_10_ammo_ml_Automatic_machinegun 5-21-2020, 2:05:54 AM
zyad(zyad) used a pack_of_10_ammo_ml_Automatic_machinegun 5-21-2020, 2:05:55 AM
zyad(zyad) used a pack_of_10_ammo_ml_Automatic_machinegun 5-21-2020, 2:05:55 AM
zyad(zyad) used a pack_of_10_ammo_ml_Automatic_machinegun 5-21-2020, 2:05:55 AM
zyad(zyad) used a pack_of_10_ammo_ml_Automatic_machinegun 5-21-2020, 2:05:55 AM
zyad(zyad) used a pack_of_10_ammo_ml_Automatic_machinegun 5-21-2020, 2:05:55 AM
zyad(zyad) used a pack_of_10_ammo_ml_Automatic_machinegun 5-21-2020, 2:05:55 AM
zyad(zyad) used a pack_of_10_ammo_ml_Automatic_machinegun 5-21-2020, 2:05:56 AM
zyad(zyad) used a pack_of_10_ammo_ml_Automatic_machinegun 5-21-2020, 2:05:56 AM
zyad(zyad) used a pack_of_10_ammo_ml_Automatic_machinegun 5-21-2020, 2:05:56 AM
zyad(zyad) used a pack_of_10_ammo_ml_Automatic_machinegun 5-21-2020, 2:05:56 AM
zyad(zyad) used a pack_of_10_ammo_ml_Automatic_machinegun 5-21-2020, 2:05:56 AM
zyad(zyad) used a pack_of_10_ammo_ml_Automatic_machinegun 5-21-2020, 2:05:57 AM
zyad(zyad) used a pack_of_10_ammo_ml_Automatic_machinegun 5-21-2020, 2:05:57 AM
zyad(zyad) used a pack_of_10_ammo_ml_Automatic_machinegun 5-21-2020, 2:05:57 AM
zyad(zyad) used a pack_of_10_ammo_ml_Automatic_machinegun 5-21-2020, 2:05:57 AM
zyad(zyad) used a pack_of_10_ammo_ml_Automatic_machinegun 5-21-2020, 2:05:57 AM
zyad(zyad) used a pack_of_10_ammo_ml_Automatic_machinegun 5-21-2020, 2:05:58 AM
zyad(zyad) used a pack_of_10_ammo_ml_Automatic_machinegun 5-21-2020, 2:05:58 AM
zyad(zyad) used a ml_Automatic_machinegun 5-21-2020, 2:06:01 AM
zyad(zyad) used a ultra_antibiotic_pack 5-21-2020, 2:07:09 AM
zyad(zyad) used a ultra_antibiotic_pack 5-21-2020, 2:07:10 AM
zyad(zyad) used a ultra_antibiotic_pack 5-21-2020, 2:07:10 AM
zyad(zyad) used a ultra_antibiotic_pack 5-21-2020, 2:07:10 AM
zyad(zyad) used a ultra_antibiotic_pack 5-21-2020, 2:07:10 AM
zyad(zyad) used a ultra_antibiotic_pack 5-21-2020, 2:07:10 AM
zyad(zyad) used a ultra_antibiotic_pack 5-21-2020, 2:07:10 AM
zyad(zyad) used a ultra_antibiotic_pack 5-21-2020, 2:07:11 AM
zyad(zyad) used a ultra_antibiotic_pack 5-21-2020, 2:07:11 AM
zyad(zyad) used a ultra_antibiotic_pack 5-21-2020, 2:07:11 AM
zyad(zyad) used a ultra_antibiotic_pack 5-21-2020, 2:07:11 AM
zyad(zyad) used a ultra_antibiotic_pack 5-21-2020, 2:07:11 AM
zyad(zyad) used a ultra_antibiotic_pack 5-21-2020, 2:07:12 AM
zyad(zyad) used a ultra_antibiotic_pack 5-21-2020, 2:07:12 AM
zyad(zyad) used a ultra_antibiotic_pack 5-21-2020, 2:07:12 AM
zyad(zyad) used a ultra_antibiotic_pack 5-21-2020, 2:07:12 AM
zyad(zyad) used a ultra_antibiotic_pack 5-21-2020, 2:07:12 AM
zyad(zyad) used a ultra_antibiotic_pack 5-21-2020, 2:07:12 AM
zyad(zyad) used a ultra_antibiotic_pack 5-21-2020, 2:07:12 AM
zyad(zyad) used a ultra_antibiotic_pack 5-21-2020, 2:07:13 AM
zyad(zyad) used a ultra_antibiotic_pack 5-21-2020, 2:07:13 AM
zyad(zyad) used a ultra_antibiotic_pack 5-21-2020, 2:07:13 AM
zyad(zyad) used a ultra_antibiotic_pack 5-21-2020, 2:07:13 AM
zyad(zyad) used a ultra_antibiotic_pack 5-21-2020, 2:07:13 AM
zyad(zyad) used a ultra_antibiotic_pack 5-21-2020, 2:07:13 AM
zyad(zyad) used a ultra_antibiotic_pack 5-21-2020, 2:07:14 AM
zyad(zyad) used a ultra_antibiotic_pack 5-21-2020, 2:07:14 AM
zyad(zyad) used a ultra_antibiotic_pack 5-21-2020, 2:07:14 AM
zyad(zyad) used a ultra_antibiotic_pack 5-21-2020, 2:07:14 AM
zyad(zyad) used a ultra_antibiotic_pack 5-21-2020, 2:07:14 AM
zyad(zyad) used a antibiotic 5-21-2020, 2:07:18 AM
zyad(zyad) used a antibiotic 5-21-2020, 2:07:18 AM
zyad(zyad) used a antibiotic 5-21-2020, 2:07:24 AM
zyad(zyad) used a antibiotic 5-21-2020, 2:07:28 AM
zyad(zyad) used a antibiotic 5-21-2020, 2:07:34 AM
zyad(zyad) used a antibiotic 5-21-2020, 2:07:38 AM
zyad(zyad) used a antibiotic 5-21-2020, 2:07:39 AM
zyad(zyad) used a antibiotic 5-21-2020, 2:07:39 AM
zyad(zyad) used a antibiotic 5-21-2020, 2:09:36 AM
zyad(zyad) used a metal_pack 5-21-2020, 4:43:30 AM
zyad(zyad) used a metal_pack 5-21-2020, 4:43:30 AM
zyad(zyad) used a metal_pack 5-21-2020, 4:43:30 AM
zyad(zyad) used a metal_pack 5-21-2020, 4:43:30 AM
zyad(zyad) used a metal_pack 5-21-2020, 4:43:30 AM
zyad(zyad) used a metal_pack 5-21-2020, 4:43:30 AM
zyad(zyad) used a metal_pack 5-21-2020, 4:43:30 AM
zyad(zyad) used a metal_pack 5-21-2020, 4:43:30 AM
zyad(zyad) used a metal_pack 5-21-2020, 4:43:31 AM
zyad(zyad) used a metal_pack 5-21-2020, 4:43:31 AM
zyad(zyad) used a metal_pack 5-21-2020, 4:43:31 AM
zyad(zyad) used a metal_pack 5-21-2020, 4:43:31 AM
zyad(zyad) used a metal_pack 5-21-2020, 4:43:31 AM
zyad(zyad) used a metal_pack 5-21-2020, 4:43:31 AM
zyad(zyad) used a metal_pack 5-21-2020, 4:43:31 AM
zyad(zyad) used a metal_pack 5-21-2020, 4:43:31 AM
zyad(zyad) used a metal_pack 5-21-2020, 4:43:31 AM
zyad(zyad) used a metal_pack 5-21-2020, 4:43:31 AM
zyad(zyad) used a metal_pack 5-21-2020, 4:43:32 AM
zyad(zyad) used a metal_pack 5-21-2020, 4:43:32 AM
zyad(zyad) used a metal_pack 5-21-2020, 4:43:32 AM
zyad(zyad) used a metal_pack 5-21-2020, 4:43:32 AM
zyad(zyad) used a metal_pack 5-21-2020, 4:43:32 AM
zyad(zyad) used a metal_pack 5-21-2020, 4:43:32 AM
zyad(zyad) used a metal_pack 5-21-2020, 4:43:32 AM
zyad(zyad) used a metal_pack 5-21-2020, 4:43:32 AM
zyad(zyad) used a metal_pack 5-21-2020, 4:43:32 AM
zyad(zyad) used a metal_pack 5-21-2020, 4:43:32 AM
zyad(zyad) used a metal_pack 5-21-2020, 4:43:32 AM
zyad(zyad) used a metal_pack 5-21-2020, 4:43:34 AM
zyad(zyad) used a metal_pack 5-21-2020, 4:43:34 AM
zyad(zyad) used a metal_pack 5-21-2020, 4:43:34 AM
zyad(zyad) used a metal_pack 5-21-2020, 4:43:34 AM
zyad(zyad) used a metal_pack 5-21-2020, 4:43:34 AM
zyad(zyad) used a metal_pack 5-21-2020, 4:43:34 AM
zyad(zyad) used a metal_pack 5-21-2020, 4:43:35 AM
zyad(zyad) used a metal_pack 5-21-2020, 4:43:35 AM
zyad(zyad) used a metal_pack 5-21-2020, 4:43:35 AM
zyad(zyad) used a metal_pack 5-21-2020, 4:43:35 AM
zyad(zyad) used a metal_pack 5-21-2020, 4:43:35 AM
zyad(zyad) used a metal_pack 5-21-2020, 4:43:35 AM
zyad(zyad) used a metal_pack 5-21-2020, 4:43:35 AM
zyad(zyad) used a metal_pack 5-21-2020, 4:43:41 AM
zyad(zyad) used a metal_pack 5-21-2020, 4:43:41 AM
zyad(zyad) used a metal_pack 5-21-2020, 4:43:41 AM
zyad(zyad) used a metal_pack 5-21-2020, 4:43:41 AM
zyad(zyad) used a metal_pack 5-21-2020, 4:43:41 AM
zyad(zyad) used a metal_pack 5-21-2020, 4:43:42 AM
zyad(zyad) used a metal_pack 5-21-2020, 4:43:42 AM
zyad(zyad) used a metal_pack 5-21-2020, 4:43:42 AM
zyad(zyad) used a metal_pack 5-21-2020, 4:43:42 AM
zyad(zyad) used a metal_pack 5-21-2020, 4:43:42 AM
zyad(zyad) used a metal_pack 5-21-2020, 4:43:42 AM
zyad(zyad) used a metal_pack 5-21-2020, 4:43:42 AM
zyad(zyad) used a wood_pack 5-21-2020, 4:43:45 AM
zyad(zyad) used a wood_pack 5-21-2020, 4:43:45 AM
zyad(zyad) used a wood_pack 5-21-2020, 4:43:46 AM
zyad(zyad) used a wood_pack 5-21-2020, 4:43:46 AM
zyad(zyad) used a wood_pack 5-21-2020, 4:43:46 AM
zyad(zyad) used a wood_pack 5-21-2020, 4:43:46 AM
zyad(zyad) used a wood_pack 5-21-2020, 4:43:46 AM
zyad(zyad) used a wood_pack 5-21-2020, 4:43:46 AM
zyad(zyad) used a wood_pack 5-21-2020, 4:43:46 AM
zyad(zyad) used a wood_pack 5-21-2020, 4:43:47 AM
zyad(zyad) used a tk_ultra_health_potion 5-21-2020, 4:43:53 AM
zyad(zyad) used a tk_ultra_health_potion 5-21-2020, 4:43:53 AM
zyad(zyad) used a tk_ultra_health_potion 5-21-2020, 4:43:53 AM
zyad(zyad) used a tk_ultra_health_potion 5-21-2020, 4:43:53 AM
zyad(zyad) used a tk_ultra_health_potion 5-21-2020, 4:43:53 AM
zyad(zyad) used a admingun 5-21-2020, 4:44:16 AM
zyad(zyad) used a armored_tank 5-21-2020, 4:44:18 AM
zyad(zyad) used a sail_boats 5-21-2020, 4:44:46 AM
zyad(zyad) used a police_car 5-21-2020, 4:44:51 AM
zyad(zyad) used a police_car 5-21-2020, 4:44:54 AM
zyad(zyad) used a police_car_super 5-21-2020, 4:45:12 AM
zyad(zyad) used a bitcoin 5-21-2020, 4:47:38 AM
zyad(zyad) used a bitcoin 5-21-2020, 4:47:39 AM
zyad(zyad) used a beretta_nano_pocket_pistol 5-21-2020, 4:47:44 AM
zyad(zyad) used a browning_m2_heavy_50_cal_machinegun 5-21-2020, 4:47:48 AM
zyad(zyad) used a browning_m2_heavy_50_cal_machinegun 5-21-2020, 4:47:50 AM
zyad(zyad) used a browning_m2_heavy_50_cal_machinegun_ammo_pack 5-21-2020, 4:48:06 AM
zyad(zyad) used a browning_m2_heavy_50_cal_machinegun_ammo_pack 5-21-2020, 4:48:06 AM
zyad(zyad) used a browning_m2_heavy_50_cal_machinegun_ammo_pack 5-21-2020, 4:48:06 AM
zyad(zyad) used a browning_m2_heavy_50_cal_machinegun_ammo_pack 5-21-2020, 4:48:12 AM
zyad(zyad) used a browning_m2_heavy_50_cal_machinegun_ammo_pack 5-21-2020, 4:48:12 AM
zyad(zyad) used a browning_m2_heavy_50_cal_machinegun_ammo_pack 5-21-2020, 4:48:12 AM
zyad(zyad) used a browning_m2_heavy_50_cal_machinegun_ammo_pack 5-21-2020, 4:48:13 AM
zyad(zyad) used a browning_m2_heavy_50_cal_machinegun_ammo_pack 5-21-2020, 4:48:13 AM
zyad(zyad) used a browning_m2_heavy_50_cal_machinegun_ammo_pack 5-21-2020, 4:48:13 AM
zyad(zyad) used a browning_m2_heavy_50_cal_machinegun_ammo_pack 5-21-2020, 4:48:13 AM
zyad(zyad) used a browning_m2_heavy_50_cal_machinegun 5-21-2020, 4:48:29 AM
zyad(zyad) used a ml_Automatic_machinegun 5-21-2020, 4:49:03 AM
zyad(zyad) used a kalashnikov_rifle 5-21-2020, 4:49:18 AM
zyad(zyad) used a gauss 5-21-2020, 4:49:40 AM
zyad(zyad) used a small_projectile 5-21-2020, 4:49:52 AM
zyad(zyad) used a tasing_small_projectile 5-21-2020, 4:50:00 AM
zyad(zyad) used a tasing_small_projectile 5-21-2020, 4:50:01 AM
zyad(zyad) used a tasing_small_projectile 5-21-2020, 4:50:01 AM
zyad(zyad) used a tasing_small_projectile 5-21-2020, 4:50:01 AM
zyad(zyad) used a tasing_small_projectile 5-21-2020, 4:50:02 AM
zyad(zyad) used a tasing_small_projectile 5-21-2020, 4:50:02 AM
zyad(zyad) used a tasing_small_projectile 5-21-2020, 4:50:02 AM
zyad(zyad) used a tasing_small_projectile 5-21-2020, 4:50:03 AM
zyad(zyad) used a tasing_small_projectile 5-21-2020, 4:50:03 AM
zyad(zyad) used a tasing_small_projectile 5-21-2020, 4:50:03 AM
zyad(zyad) used a tasing_small_projectile 5-21-2020, 4:50:04 AM
zyad(zyad) used a tasing_small_projectile 5-21-2020, 4:50:04 AM
zyad(zyad) used a tasing_small_projectile 5-21-2020, 4:50:04 AM
zyad(zyad) used a tasing_small_projectile 5-21-2020, 4:50:05 AM
zyad(zyad) used a poisoned_small_projectile 5-21-2020, 4:50:11 AM
zyad(zyad) used a poisoned_small_projectile 5-21-2020, 4:50:11 AM
zyad(zyad) used a pack_of_10_cola 5-21-2020, 4:50:23 AM
zyad(zyad) used a pack_of_10_cola 5-21-2020, 4:50:23 AM
zyad(zyad) used a pack_of_10_cola 5-21-2020, 4:50:23 AM
zyad(zyad) used a pack_of_10_cola 5-21-2020, 4:50:23 AM
zyad(zyad) used a pack_of_10_cola 5-21-2020, 4:50:23 AM
zyad(zyad) used a syringe 5-21-2020, 4:50:34 AM
zyad(zyad) used a syringe 5-21-2020, 4:50:34 AM
zyad(zyad) used a syringe 5-21-2020, 4:50:34 AM
zyad(zyad) used a syringe 5-21-2020, 4:50:34 AM
zyad(zyad) used a syringe 5-21-2020, 4:50:34 AM
zyad(zyad) used a syringe 5-21-2020, 4:50:34 AM
zyad(zyad) used a syringe 5-21-2020, 4:50:36 AM
zyad(zyad) used a syringe 5-21-2020, 4:50:37 AM
zyad(zyad) used a syringe 5-21-2020, 4:50:37 AM
zyad(zyad) used a syringe 5-21-2020, 4:50:37 AM
zyad(zyad) used a syringe 5-21-2020, 4:50:37 AM
zyad(zyad) used a syringe 5-21-2020, 4:50:37 AM
zyad(zyad) used a syringe 5-21-2020, 4:50:37 AM
zyad(zyad) used a syringe 5-21-2020, 4:50:37 AM
zyad(zyad) used a syringe 5-21-2020, 4:50:37 AM
zyad(zyad) used a syringe 5-21-2020, 4:50:37 AM
zyad(zyad) used a syringe 5-21-2020, 4:50:37 AM
zyad(zyad) used a syringe 5-21-2020, 4:50:37 AM
zyad(zyad) used a cola 5-21-2020, 4:50:43 AM
zyad(zyad) used a cola 5-21-2020, 4:50:43 AM
zyad(zyad) used a cola 5-21-2020, 4:50:43 AM
zyad(zyad) used a cola 5-21-2020, 4:50:44 AM
zyad(zyad) used a cola 5-21-2020, 4:50:45 AM
zyad(zyad) used a cola 5-21-2020, 4:50:45 AM
zyad(zyad) used a cola 5-21-2020, 4:50:46 AM
zyad(zyad) used a cola 5-21-2020, 4:50:46 AM
zyad(zyad) used a cola 5-21-2020, 4:50:46 AM
zyad(zyad) used a cola 5-21-2020, 4:50:46 AM
zyad(zyad) used a cola 5-21-2020, 4:50:47 AM
zyad(zyad) used a cola 5-21-2020, 4:50:47 AM
zyad(zyad) used a cola 5-21-2020, 4:50:47 AM
zyad(zyad) used a cola 5-21-2020, 4:50:47 AM
zyad(zyad) used a cola 5-21-2020, 4:50:49 AM
zyad(zyad) used a cola 5-21-2020, 4:50:49 AM
zyad(zyad) used a cola 5-21-2020, 4:50:50 AM
zyad(zyad) used a cola 5-21-2020, 4:50:50 AM
zyad(zyad) used a cola 5-21-2020, 4:50:50 AM
zyad(zyad) used a cola 5-21-2020, 4:50:51 AM
zyad(zyad) used a cola 5-21-2020, 4:50:51 AM
zyad(zyad) used a cola 5-21-2020, 4:50:51 AM
zyad(zyad) used a cola 5-21-2020, 4:50:52 AM
zyad(zyad) used a cola 5-21-2020, 4:50:52 AM
zyad(zyad) used a cola 5-21-2020, 4:50:52 AM
zyad(zyad) used a cola 5-21-2020, 4:50:53 AM
zyad(zyad) used a cola 5-21-2020, 4:50:53 AM
zyad(zyad) used a cola 5-21-2020, 4:50:53 AM
zyad(zyad) used a cola 5-21-2020, 4:50:53 AM
zyad(zyad) used a cola 5-21-2020, 4:50:53 AM
zyad(zyad) used a cola 5-21-2020, 4:50:54 AM
zyad(zyad) used a cola 5-21-2020, 4:50:54 AM
zyad(zyad) used a cola 5-21-2020, 4:50:54 AM
zyad(zyad) used a cola 5-21-2020, 4:50:54 AM
zyad(zyad) used a cola 5-21-2020, 4:50:56 AM
zyad(zyad) used a cola 5-21-2020, 4:50:56 AM
zyad(zyad) used a cola 5-21-2020, 4:50:56 AM
zyad(zyad) used a cola 5-21-2020, 4:50:57 AM
zyad(zyad) used a bazooka 5-21-2020, 4:56:41 AM
zyad(zyad) used a sail_boats 5-21-2020, 5:02:05 AM
zyad(zyad) used a sail_boats 5-21-2020, 5:02:06 AM
zyad(zyad) used a sail_boats 5-21-2020, 5:02:07 AM
zyad(zyad) used a sail_boats 5-21-2020, 5:02:08 AM
zyad(zyad) used a sail_boats 5-21-2020, 5:02:08 AM
zyad(zyad) used a sail_boats 5-21-2020, 5:02:08 AM
zyad(zyad) used a sail_boats 5-21-2020, 5:02:08 AM
zyad(zyad) used a pack_of_1000_coin 5-21-2020, 5:02:10 AM
zyad(zyad) used a pack_of_10_ammo_cannon 5-21-2020, 5:02:16 AM
zyad(zyad) used a pack_of_10_ammo_cannon 5-21-2020, 5:02:16 AM
zyad(zyad) used a pack_of_10_ammo_cannon 5-21-2020, 5:02:16 AM
zyad(zyad) used a pack_of_10_ammo_cannon 5-21-2020, 5:02:16 AM
zyad(zyad) used a pack_of_10_ammo_cannon 5-21-2020, 5:02:17 AM
zyad(zyad) used a pack_of_10_ammo_cannon 5-21-2020, 5:02:17 AM
zyad(zyad) used a connan 5-21-2020, 5:02:29 AM
zyad(zyad) used a cannon 5-21-2020, 5:02:37 AM
zyad(zyad) used a syringe 5-21-2020, 5:05:06 AM
zyad(zyad) used a syringe 5-21-2020, 5:05:06 AM
zyad(zyad) used a syringe 5-21-2020, 5:05:06 AM
zyad(zyad) used a syringe 5-21-2020, 5:05:06 AM
zyad(zyad) used a syringe 5-21-2020, 5:05:06 AM
zyad(zyad) used a syringe 5-21-2020, 5:05:07 AM
zyad(zyad) used a syringe 5-21-2020, 5:05:08 AM
zyad(zyad) used a syringe 5-21-2020, 5:05:08 AM
zyad(zyad) used a syringe 5-21-2020, 5:05:09 AM
zyad(zyad) used a syringe 5-21-2020, 5:05:09 AM
zyad(zyad) used a syringe 5-21-2020, 5:05:09 AM
zyad(zyad) used a syringe 5-21-2020, 5:05:09 AM
zyad(zyad) used a cola 5-21-2020, 5:05:11 AM
zyad(zyad) used a cola 5-21-2020, 5:05:12 AM
zyad(zyad) used a cola 5-21-2020, 5:05:13 AM
zyad(zyad) used a cola 5-21-2020, 5:05:14 AM
zyad(zyad) used a cola 5-21-2020, 5:05:14 AM
zyad(zyad) used a cola 5-21-2020, 5:05:16 AM
zyad(zyad) used a dart_launcher_ammo_pack 5-21-2020, 5:05:50 AM
zyad(zyad) used a dart_launcher 5-21-2020, 5:05:54 AM
zyad(zyad) used a m79_grenade_launcher 5-21-2020, 5:06:16 AM
zyad(zyad) used a m79_grenade_launcher 5-21-2020, 5:06:17 AM
zyad(zyad) used a barricade_bomb 5-21-2020, 5:06:26 AM
zyad(zyad) used a bomb_defuser 5-21-2020, 5:06:43 AM
zyad(zyad) used a bomb_defuser 5-21-2020, 5:06:44 AM
zyad(zyad) used a bomb_defuser 5-21-2020, 5:06:45 AM
zyad(zyad) used a bomb_defuser 5-21-2020, 5:06:45 AM
zyad(zyad) used a bomb_defuser 5-21-2020, 5:06:51 AM
zyad(zyad) used a bomb_defuser 5-21-2020, 5:06:51 AM
zyad(zyad) used a bomb_defuser 5-21-2020, 5:06:51 AM
zyad(zyad) used a bomb_defuser 5-21-2020, 5:06:51 AM
zyad(zyad) used a bomb_defuser 5-21-2020, 5:06:52 AM
zyad(zyad) used a bomb_defuser 5-21-2020, 5:06:52 AM
zyad(zyad) used a bomb_defuser 5-21-2020, 5:06:52 AM
zyad(zyad) used a bomb_defuser 5-21-2020, 5:06:55 AM
zyad(zyad) used a bomb_defuser 5-21-2020, 5:06:55 AM
zyad(zyad) used a missile_interceptor 5-21-2020, 5:45:39 AM
zyad(zyad) used a missile_interceptor 5-21-2020, 5:45:40 AM
zyad(zyad) used a missile_interceptor 5-21-2020, 5:45:41 AM
zyad(zyad) used a shield 5-21-2020, 5:45:42 AM
zyad(zyad) used a aircraft 5-21-2020, 5:45:43 AM
zyad(zyad) used a dart_launcher 5-21-2020, 5:46:45 AM
zyad(zyad) used a locker_pack 5-21-2020, 5:47:45 AM
zyad(zyad) used a locker_pack 5-21-2020, 5:47:45 AM
zyad(zyad) used a locker_pack 5-21-2020, 5:47:45 AM
zyad(zyad) used a locker_pack 5-21-2020, 5:47:45 AM
zyad(zyad) used a locker_pack 5-21-2020, 5:47:50 AM
zyad(zyad) used a locker_pack 5-21-2020, 5:47:50 AM
zyad(zyad) used a locker_pack 5-21-2020, 5:47:53 AM
zyad(zyad) used a locker_pack 5-21-2020, 5:47:53 AM
zyad(zyad) used a locker_pack 5-21-2020, 5:47:54 AM
zyad(zyad) used a large_iron_club 5-21-2020, 5:47:58 AM
zyad(zyad) used a long_sword 5-21-2020, 5:47:59 AM
zyad(zyad) used a spiked_bat 5-21-2020, 5:48:10 AM
zyad(zyad) used a bazooka 5-21-2020, 5:48:15 AM
zyad(zyad) used a awp 5-21-2020, 5:48:20 AM
zyad(zyad) used a awp 5-21-2020, 5:48:20 AM
zyad(zyad) used a awp 5-21-2020, 5:48:20 AM
zyad(zyad) used a knife 5-21-2020, 5:48:23 AM
zyad(zyad) used a knife 5-21-2020, 5:48:32 AM
zyad(zyad) used a food 5-21-2020, 5:48:40 AM
zyad(zyad) used a food 5-21-2020, 5:48:40 AM
zyad(zyad) used a food 5-21-2020, 5:48:41 AM
zyad(zyad) used a food 5-21-2020, 5:48:41 AM
zyad(zyad) used a food 5-21-2020, 5:48:44 AM
zyad(zyad) used a cola 5-21-2020, 5:48:52 AM
zyad(zyad) used a cola 5-21-2020, 5:48:52 AM
zyad(zyad) used a cola 5-21-2020, 5:48:52 AM
zyad(zyad) used a cola 5-21-2020, 5:48:53 AM
zyad(zyad) used a cola 5-21-2020, 5:48:53 AM
zyad(zyad) used a cola 5-21-2020, 5:48:53 AM
zyad(zyad) used a missile_interceptor 5-21-2020, 7:03:38 AM
zyad(zyad) used a shield 5-21-2020, 7:03:39 AM
zyad(zyad) used a aircraft 5-21-2020, 7:03:40 AM
zyad(zyad) used a armored_tank 5-21-2020, 7:04:30 AM
zyad(zyad) used a armored_tank 5-21-2020, 7:04:30 AM
zyad(zyad) used a armored_tank 5-21-2020, 7:04:30 AM
zyad(zyad) used a armored_tank 5-21-2020, 7:04:31 AM
zyad(zyad) used a armored_tank 5-21-2020, 7:04:31 AM
zyad(zyad) used a armored_tank 5-21-2020, 7:04:31 AM
zyad(zyad) used a armored_tank 5-21-2020, 7:04:32 AM
zyad(zyad) used a armored_tank 5-21-2020, 7:04:32 AM
zyad(zyad) used a armored_tank 5-21-2020, 7:04:33 AM
zyad(zyad) used a armored_tank 5-21-2020, 7:04:33 AM
zyad(zyad) used a armored_tank 5-21-2020, 7:04:33 AM
zyad(zyad) used a health_booster 5-21-2020, 3:57:52 PM
zyad(zyad) used a grenade_pack 5-21-2020, 3:58:17 PM
zyad(zyad) used a grenade_pack 5-21-2020, 3:58:17 PM
zyad(zyad) used a grenade_pack 5-21-2020, 3:58:18 PM
zyad(zyad) used a grenade_pack 5-21-2020, 3:58:18 PM
zyad(zyad) used a grenade_pack 5-21-2020, 3:58:18 PM
zyad(zyad) used a grenade_pack 5-21-2020, 3:58:18 PM
zyad(zyad) used a grenade_pack 5-21-2020, 3:58:18 PM
zyad(zyad) used a health_booster 5-21-2020, 3:58:21 PM
zyad(zyad) used a health_booster 5-21-2020, 3:58:22 PM
zyad(zyad) used a lamborghini 5-21-2020, 3:58:27 PM
zyad(zyad) used a locker_pack 5-21-2020, 3:58:30 PM
zyad(zyad) used a fnminimilight 5-21-2020, 3:58:36 PM
zyad(zyad) used a fnminimilight 5-21-2020, 3:58:36 PM
zyad(zyad) used a fnminimilight 5-21-2020, 3:58:37 PM
zyad(zyad) used a bmv 5-21-2020, 3:58:42 PM
zyad(zyad) used a bmv 5-21-2020, 3:58:42 PM
zyad(zyad) used a bmv 5-21-2020, 3:58:43 PM
zyad(zyad) used a rocket_launcher 5-21-2020, 3:59:22 PM
zyad(zyad) used a rocketlauncher 5-21-2020, 3:59:32 PM
zyad(zyad) used a rocketlauncher 5-21-2020, 3:59:39 PM
zyad(zyad) used a rocketlauncher 5-21-2020, 3:59:41 PM
zyad(zyad) used a rocketlauncher_ammo_pack 5-21-2020, 3:59:59 PM
zyad(zyad) used a rocketlauncher_ammo_pack 5-21-2020, 3:59:59 PM
zyad(zyad) used a rocketlauncher_ammo_pack 5-21-2020, 3:59:59 PM
zyad(zyad) used a rocketlauncher_ammo_pack 5-21-2020, 3:59:59 PM
zyad(zyad) used a rocketlauncher_ammo_pack 5-21-2020, 4:00:02 PM
zyad(zyad) used a rocketlauncher_ammo_pack 5-21-2020, 4:00:02 PM
zyad(zyad) used a rocketlauncher_ammo_pack 5-21-2020, 4:00:02 PM
zyad(zyad) used a rocketlauncher_ammo_pack 5-21-2020, 4:00:02 PM
zyad(zyad) used a rocketlauncher_ammo_pack 5-21-2020, 4:00:02 PM
zyad(zyad) used a rocketlauncher_ammo_pack 5-21-2020, 4:00:03 PM
zyad(zyad) used a kalashnikov_rifle 5-21-2020, 4:01:27 PM
zyad(zyad) used a kalashnikov_rifle 5-21-2020, 4:01:30 PM
zyad(zyad) used a m79_grenade_launcher 5-21-2020, 6:53:52 PM
zyad(zyad) used a m79_grenade_launcher 5-21-2020, 6:53:52 PM
zyad(zyad) used a m79_grenade_launcher 5-21-2020, 6:53:53 PM
zyad(zyad) used a m79_grenade_launcher 5-21-2020, 6:53:53 PM
zyad(zyad) used a m79_grenade_launcher 5-21-2020, 6:53:53 PM
zyad(zyad) used a aircraft 5-21-2020, 7:01:10 PM
zyad(zyad) used a aircraft 5-21-2020, 7:01:10 PM
zyad(zyad) used a horse 5-21-2020, 7:01:43 PM
zyad(zyad) used a horse 5-21-2020, 7:01:43 PM
zyad(zyad) used a small_projectile 5-21-2020, 7:01:48 PM
zyad(zyad) used a pack_of_500_coin 5-21-2020, 7:01:54 PM
zyad(zyad) used a air_canister 5-21-2020, 7:01:56 PM
zyad(zyad) used a air_canister 5-21-2020, 7:01:56 PM
zyad(zyad) used a air_canister 5-21-2020, 7:01:57 PM
zyad(zyad) used a air_canister 5-21-2020, 7:01:57 PM
zyad(zyad) used a air_canister 5-21-2020, 7:01:57 PM
zyad(zyad) used a air_canister 5-21-2020, 7:01:57 PM
zyad(zyad) used a air_canister 5-21-2020, 7:01:57 PM
zyad(zyad) used a air_canister 5-21-2020, 7:01:57 PM
zyad(zyad) used a rpg7_ammo_pack 5-21-2020, 7:02:00 PM
zyad(zyad) used a rpg7_ammo_pack 5-21-2020, 7:02:01 PM
zyad(zyad) used a rpg7_ammo_pack 5-21-2020, 7:02:01 PM
zyad(zyad) used a rpg7_ammo_pack 5-21-2020, 7:02:01 PM
zyad(zyad) used a rpg7_ammo_pack 5-21-2020, 7:02:01 PM
zyad(zyad) used a rpg7_ammo_pack 5-21-2020, 7:02:01 PM
zyad(zyad) used a rpg7_ammo_pack 5-21-2020, 7:02:01 PM
zyad(zyad) used a rpg7_ammo_pack 5-21-2020, 7:02:02 PM
zyad(zyad) used a rpg7_ammo_pack 5-21-2020, 7:02:02 PM
zyad(zyad) used a rpg7_ammo_pack 5-21-2020, 7:02:02 PM
zyad(zyad) used a rpg7_ammo_pack 5-21-2020, 7:02:02 PM
zyad(zyad) used a timebomb 5-21-2020, 7:02:05 PM
zyad(zyad) used a timebomb 5-21-2020, 7:02:05 PM
zyad(zyad) used a timebomb 5-21-2020, 7:02:05 PM
zyad(zyad) used a timebomb 5-21-2020, 7:02:05 PM
zyad(zyad) used a timebomb 5-21-2020, 7:02:06 PM
zyad(zyad) used a stp429_mini_missile 5-21-2020, 7:02:15 PM
zyad(zyad) used a stp429 5-21-2020, 7:02:37 PM
zyad(zyad) used a stp429 5-21-2020, 7:02:38 PM
zyad(zyad) used a stp429 5-21-2020, 7:02:38 PM
zyad(zyad) used a stp429 5-21-2020, 7:02:38 PM
zyad(zyad) used a stp429 5-21-2020, 7:02:38 PM
zyad(zyad) used a stp429 5-21-2020, 7:02:38 PM
zyad(zyad) used a stp429 5-21-2020, 7:02:39 PM
zyad(zyad) used a stp429 5-21-2020, 7:02:39 PM
zyad(zyad) used a stp429 5-21-2020, 7:02:39 PM
zyad(zyad) used a stp429 5-21-2020, 7:02:39 PM
zyad(zyad) used a stp429 5-21-2020, 7:02:39 PM
zyad(zyad) used a stp429 5-21-2020, 7:02:39 PM
zyad(zyad) used a stp429 5-21-2020, 7:02:42 PM
zyad(zyad) used a stp429 5-21-2020, 7:02:42 PM
zyad(zyad) used a stp429 5-21-2020, 7:02:45 PM
zyad(zyad) used a stp429 5-21-2020, 7:02:48 PM
zyad(zyad) used a stp429 5-21-2020, 7:02:48 PM
zyad(zyad) used a stp429 5-21-2020, 7:02:50 PM
zyad(zyad) used a stp429 5-21-2020, 7:02:50 PM
zyad(zyad) used a stp429 5-21-2020, 7:02:51 PM
zyad(zyad) used a bottle_bomb 5-21-2020, 7:02:55 PM
zyad(zyad) used a bottle_bomb 5-21-2020, 7:02:56 PM
zyad(zyad) used a bottle_bomb 5-21-2020, 7:02:56 PM
zyad(zyad) used a bottle_bomb 5-21-2020, 7:02:56 PM
zyad(zyad) used a bottle_bomb 5-21-2020, 7:02:56 PM
zyad(zyad) used a bottle_bomb 5-21-2020, 7:02:56 PM
zyad(zyad) used a bottle_bomb 5-21-2020, 7:02:56 PM
zyad(zyad) used a bottle_bomb 5-21-2020, 7:02:57 PM
zyad(zyad) used a bottle_bomb 5-21-2020, 7:02:57 PM
zyad(zyad) used a bottle_bomb 5-21-2020, 7:02:57 PM
zyad(zyad) used a bottle_bomb 5-21-2020, 7:02:57 PM
zyad(zyad) used a bottle_bomb 5-21-2020, 7:02:57 PM
zyad(zyad) used a bottle_bomb 5-21-2020, 7:02:57 PM
zyad(zyad) used a bottle_bomb 5-21-2020, 7:02:58 PM
zyad(zyad) used a bottle_bomb 5-21-2020, 7:02:58 PM
zyad(zyad) used a bottle_bomb 5-21-2020, 7:02:58 PM
zyad(zyad) used a bottle_bomb 5-21-2020, 7:02:58 PM
zyad(zyad) used a bottle_bomb 5-21-2020, 7:02:58 PM
zyad(zyad) used a bottle_bomb 5-21-2020, 7:02:58 PM
zyad(zyad) used a bottle_bomb 5-21-2020, 7:02:59 PM
zyad(zyad) used a bottle_bomb 5-21-2020, 7:02:59 PM
zyad(zyad) used a bottle_bomb 5-21-2020, 7:03:10 PM
zyad(zyad) used a bottle_bomb 5-21-2020, 7:03:11 PM
zyad(zyad) used a bitcoin 5-21-2020, 8:43:20 PM
zyad(zyad) used a bitcoin 5-21-2020, 8:43:20 PM
zyad(zyad) used a bmv 5-21-2020, 10:40:45 PM
zyad(zyad) used a bmv 5-21-2020, 10:40:45 PM
zyad(zyad) used a BMV 5-21-2020, 10:41:02 PM
zyad(zyad) used a BMV 5-21-2020, 10:41:03 PM
zyad(zyad) used a armored_tank 5-21-2020, 10:41:21 PM
zyad(zyad) used a sail_boats 5-21-2020, 10:42:38 PM